{"/Users/hadassa/Documents/MasterFullStack/typeform_development/typeform/backend/src/bootstrap.js": {"path":"/Users/hadassa/Documents/MasterFullStack/typeform_development/typeform/backend/src/bootstrap.js","statementMap":{"0":{"start":{"line":1,"column":13},"end":{"line":1,"column":28}},"1":{"start":{"line":2,"column":16},"end":{"line":2,"column":34}},"2":{"start":{"line":3,"column":15},"end":{"line":3,"column":42}},"3":{"start":{"line":6,"column":0},"end":{"line":14,"column":1}},"4":{"start":{"line":7,"column":16},"end":{"line":7,"column":25}},"5":{"start":{"line":8,"column":4},"end":{"line":8,"column":20}},"6":{"start":{"line":9,"column":4},"end":{"line":9,"column":28}},"7":{"start":{"line":11,"column":4},"end":{"line":11,"column":25}},"8":{"start":{"line":13,"column":4},"end":{"line":13,"column":14}}},"fnMap":{"0":{"name":"(anonymous_0)","decl":{"start":{"line":6,"column":23},"end":{"line":6,"column":24}},"loc":{"start":{"line":6,"column":29},"end":{"line":14,"column":1}},"line":6}},"branchMap":{},"s":{"0":1,"1":1,"2":1,"3":1,"4":1,"5":1,"6":1,"7":1,"8":1},"f":{"0":1},"b":{},"_coverageSchema":"1a1c01bbd47fc00a2c39e90264f33305004495a9","hash":"f737e594c5e796b5fcdb8f38f29a103665acb614"}
,"/Users/hadassa/Documents/MasterFullStack/typeform_development/typeform/backend/src/controllers/form.controller.js": {"path":"/Users/hadassa/Documents/MasterFullStack/typeform_development/typeform/backend/src/controllers/form.controller.js","statementMap":{"0":{"start":{"line":1,"column":13},"end":{"line":1,"column":46}},"1":{"start":{"line":4,"column":20},"end":{"line":13,"column":1}},"2":{"start":{"line":5,"column":4},"end":{"line":12,"column":5}},"3":{"start":{"line":6,"column":21},"end":{"line":6,"column":29}},"4":{"start":{"line":7,"column":25},"end":{"line":7,"column":80}},"5":{"start":{"line":8,"column":8},"end":{"line":8,"column":26}},"6":{"start":{"line":10,"column":8},"end":{"line":10,"column":53}},"7":{"start":{"line":11,"column":8},"end":{"line":11,"column":63}},"8":{"start":{"line":16,"column":16},"end":{"line":28,"column":1}},"9":{"start":{"line":17,"column":4},"end":{"line":27,"column":5}},"10":{"start":{"line":18,"column":23},"end":{"line":18,"column":33}},"11":{"start":{"line":19,"column":26},"end":{"line":19,"column":71}},"12":{"start":{"line":20,"column":8},"end":{"line":22,"column":9}},"13":{"start":{"line":21,"column":12},"end":{"line":21,"column":69}},"14":{"start":{"line":23,"column":8},"end":{"line":23,"column":39}},"15":{"start":{"line":25,"column":8},"end":{"line":25,"column":52}},"16":{"start":{"line":26,"column":8},"end":{"line":26,"column":61}},"17":{"start":{"line":31,"column":19},"end":{"line":48,"column":1}},"18":{"start":{"line":32,"column":4},"end":{"line":47,"column":5}},"19":{"start":{"line":33,"column":25},"end":{"line":33,"column":28}},"20":{"start":{"line":34,"column":21},"end":{"line":34,"column":29}},"21":{"start":{"line":35,"column":24},"end":{"line":41,"column":10}},"22":{"start":{"line":42,"column":8},"end":{"line":42,"column":38}},"23":{"start":{"line":45,"column":8},"end":{"line":45,"column":55}},"24":{"start":{"line":46,"column":8},"end":{"line":46,"column":65}},"25":{"start":{"line":51,"column":19},"end":{"line":68,"column":1}},"26":{"start":{"line":52,"column":4},"end":{"line":67,"column":5}},"27":{"start":{"line":53,"column":23},"end":{"line":53,"column":33}},"28":{"start":{"line":54,"column":25},"end":{"line":54,"column":28}},"29":{"start":{"line":56,"column":28},"end":{"line":56,"column":81}},"30":{"start":{"line":58,"column":8},"end":{"line":60,"column":9}},"31":{"start":{"line":59,"column":12},"end":{"line":59,"column":69}},"32":{"start":{"line":62,"column":8},"end":{"line":62,"column":29}},"33":{"start":{"line":65,"column":8},"end":{"line":65,"column":55}},"34":{"start":{"line":66,"column":8},"end":{"line":66,"column":65}},"35":{"start":{"line":71,"column":19},"end":{"line":83,"column":1}},"36":{"start":{"line":72,"column":4},"end":{"line":82,"column":5}},"37":{"start":{"line":73,"column":23},"end":{"line":73,"column":33}},"38":{"start":{"line":74,"column":29},"end":{"line":74,"column":61}},"39":{"start":{"line":75,"column":8},"end":{"line":77,"column":9}},"40":{"start":{"line":76,"column":12},"end":{"line":76,"column":69}},"41":{"start":{"line":78,"column":8},"end":{"line":78,"column":43}},"42":{"start":{"line":80,"column":8},"end":{"line":80,"column":55}},"43":{"start":{"line":81,"column":8},"end":{"line":81,"column":65}},"44":{"start":{"line":85,"column":0},"end":{"line":85,"column":78}}},"fnMap":{"0":{"name":"(anonymous_0)","decl":{"start":{"line":4,"column":20},"end":{"line":4,"column":21}},"loc":{"start":{"line":4,"column":40},"end":{"line":13,"column":1}},"line":4},"1":{"name":"(anonymous_1)","decl":{"start":{"line":16,"column":16},"end":{"line":16,"column":17}},"loc":{"start":{"line":16,"column":36},"end":{"line":28,"column":1}},"line":16},"2":{"name":"(anonymous_2)","decl":{"start":{"line":31,"column":19},"end":{"line":31,"column":20}},"loc":{"start":{"line":31,"column":39},"end":{"line":48,"column":1}},"line":31},"3":{"name":"(anonymous_3)","decl":{"start":{"line":51,"column":19},"end":{"line":51,"column":20}},"loc":{"start":{"line":51,"column":39},"end":{"line":68,"column":1}},"line":51},"4":{"name":"(anonymous_4)","decl":{"start":{"line":71,"column":19},"end":{"line":71,"column":20}},"loc":{"start":{"line":71,"column":39},"end":{"line":83,"column":1}},"line":71}},"branchMap":{"0":{"loc":{"start":{"line":20,"column":8},"end":{"line":22,"column":9}},"type":"if","locations":[{"start":{"line":20,"column":8},"end":{"line":22,"column":9}},{"start":{},"end":{}}],"line":20},"1":{"loc":{"start":{"line":58,"column":8},"end":{"line":60,"column":9}},"type":"if","locations":[{"start":{"line":58,"column":8},"end":{"line":60,"column":9}},{"start":{},"end":{}}],"line":58},"2":{"loc":{"start":{"line":75,"column":8},"end":{"line":77,"column":9}},"type":"if","locations":[{"start":{"line":75,"column":8},"end":{"line":77,"column":9}},{"start":{},"end":{}}],"line":75}},"s":{"0":1,"1":1,"2":0,"3":0,"4":0,"5":0,"6":0,"7":0,"8":1,"9":0,"10":0,"11":0,"12":0,"13":0,"14":0,"15":0,"16":0,"17":1,"18":0,"19":0,"20":0,"21":0,"22":0,"23":0,"24":0,"25":1,"26":0,"27":0,"28":0,"29":0,"30":0,"31":0,"32":0,"33":0,"34":0,"35":1,"36":0,"37":0,"38":0,"39":0,"40":0,"41":0,"42":0,"43":0,"44":1},"f":{"0":0,"1":0,"2":0,"3":0,"4":0},"b":{"0":[0,0],"1":[0,0],"2":[0,0]},"_coverageSchema":"1a1c01bbd47fc00a2c39e90264f33305004495a9","hash":"61803ab57c8a318610e646124ffbb97e796376b1"}
,"/Users/hadassa/Documents/MasterFullStack/typeform_development/typeform/backend/src/controllers/login.controller.js": {"path":"/Users/hadassa/Documents/MasterFullStack/typeform_development/typeform/backend/src/controllers/login.controller.js","statementMap":{"0":{"start":{"line":1,"column":13},"end":{"line":1,"column":46}},"1":{"start":{"line":3,"column":14},"end":{"line":31,"column":1}},"2":{"start":{"line":4,"column":31},"end":{"line":4,"column":39}},"3":{"start":{"line":6,"column":3},"end":{"line":8,"column":4}},"4":{"start":{"line":7,"column":6},"end":{"line":7,"column":83}},"5":{"start":{"line":10,"column":3},"end":{"line":30,"column":8}},"6":{"start":{"line":12,"column":9},"end":{"line":14,"column":10}},"7":{"start":{"line":13,"column":12},"end":{"line":13,"column":108}},"8":{"start":{"line":15,"column":9},"end":{"line":17,"column":10}},"9":{"start":{"line":16,"column":12},"end":{"line":16,"column":89}},"10":{"start":{"line":18,"column":9},"end":{"line":26,"column":11}},"11":{"start":{"line":29,"column":9},"end":{"line":29,"column":87}},"12":{"start":{"line":33,"column":0},"end":{"line":33,"column":26}}},"fnMap":{"0":{"name":"(anonymous_0)","decl":{"start":{"line":3,"column":14},"end":{"line":3,"column":15}},"loc":{"start":{"line":3,"column":34},"end":{"line":31,"column":1}},"line":3},"1":{"name":"(anonymous_1)","decl":{"start":{"line":11,"column":12},"end":{"line":11,"column":13}},"loc":{"start":{"line":11,"column":27},"end":{"line":27,"column":7}},"line":11},"2":{"name":"(anonymous_2)","decl":{"start":{"line":28,"column":13},"end":{"line":28,"column":14}},"loc":{"start":{"line":28,"column":24},"end":{"line":30,"column":7}},"line":28}},"branchMap":{"0":{"loc":{"start":{"line":6,"column":3},"end":{"line":8,"column":4}},"type":"if","locations":[{"start":{"line":6,"column":3},"end":{"line":8,"column":4}},{"start":{},"end":{}}],"line":6},"1":{"loc":{"start":{"line":6,"column":7},"end":{"line":6,"column":26}},"type":"binary-expr","locations":[{"start":{"line":6,"column":7},"end":{"line":6,"column":13}},{"start":{"line":6,"column":17},"end":{"line":6,"column":26}}],"line":6},"2":{"loc":{"start":{"line":12,"column":9},"end":{"line":14,"column":10}},"type":"if","locations":[{"start":{"line":12,"column":9},"end":{"line":14,"column":10}},{"start":{},"end":{}}],"line":12},"3":{"loc":{"start":{"line":15,"column":9},"end":{"line":17,"column":10}},"type":"if","locations":[{"start":{"line":15,"column":9},"end":{"line":17,"column":10}},{"start":{},"end":{}}],"line":15}},"s":{"0":1,"1":1,"2":3,"3":3,"4":0,"5":3,"6":3,"7":1,"8":2,"9":1,"10":1,"11":0,"12":1},"f":{"0":3,"1":3,"2":0},"b":{"0":[0,3],"1":[3,3],"2":[1,2],"3":[1,1]},"_coverageSchema":"1a1c01bbd47fc00a2c39e90264f33305004495a9","hash":"3a419c29816a82e798d1207165821a5e174248bc"}
,"/Users/hadassa/Documents/MasterFullStack/typeform_development/typeform/backend/src/controllers/singup.controller.js": {"path":"/Users/hadassa/Documents/MasterFullStack/typeform_development/typeform/backend/src/controllers/singup.controller.js","statementMap":{"0":{"start":{"line":1,"column":13},"end":{"line":1,"column":46}},"1":{"start":{"line":3,"column":15},"end":{"line":42,"column":1}},"2":{"start":{"line":4,"column":36},"end":{"line":4,"column":44}},"3":{"start":{"line":6,"column":2},"end":{"line":41,"column":3}},"4":{"start":{"line":7,"column":4},"end":{"line":9,"column":5}},"5":{"start":{"line":8,"column":6},"end":{"line":8,"column":82}},"6":{"start":{"line":10,"column":25},"end":{"line":10,"column":61}},"7":{"start":{"line":12,"column":4},"end":{"line":14,"column":5}},"8":{"start":{"line":13,"column":6},"end":{"line":13,"column":74}},"9":{"start":{"line":16,"column":20},"end":{"line":21,"column":6}},"10":{"start":{"line":23,"column":4},"end":{"line":23,"column":25}},"11":{"start":{"line":26,"column":18},"end":{"line":26,"column":39}},"12":{"start":{"line":29,"column":4},"end":{"line":37,"column":7}},"13":{"start":{"line":39,"column":4},"end":{"line":39,"column":52}},"14":{"start":{"line":40,"column":4},"end":{"line":40,"column":68}},"15":{"start":{"line":44,"column":0},"end":{"line":46,"column":2}}},"fnMap":{"0":{"name":"(anonymous_0)","decl":{"start":{"line":3,"column":15},"end":{"line":3,"column":16}},"loc":{"start":{"line":3,"column":35},"end":{"line":42,"column":1}},"line":3}},"branchMap":{"0":{"loc":{"start":{"line":7,"column":4},"end":{"line":9,"column":5}},"type":"if","locations":[{"start":{"line":7,"column":4},"end":{"line":9,"column":5}},{"start":{},"end":{}}],"line":7},"1":{"loc":{"start":{"line":12,"column":4},"end":{"line":14,"column":5}},"type":"if","locations":[{"start":{"line":12,"column":4},"end":{"line":14,"column":5}},{"start":{},"end":{}}],"line":12}},"s":{"0":1,"1":1,"2":1,"3":1,"4":1,"5":0,"6":1,"7":1,"8":0,"9":1,"10":1,"11":1,"12":1,"13":0,"14":0,"15":1},"f":{"0":1},"b":{"0":[0,1],"1":[0,1]},"_coverageSchema":"1a1c01bbd47fc00a2c39e90264f33305004495a9","hash":"9101c3795e2753e20546f20dd58ca0c727eb1ce5"}
,"/Users/hadassa/Documents/MasterFullStack/typeform_development/typeform/backend/src/controllers/user.controller.js": {"path":"/Users/hadassa/Documents/MasterFullStack/typeform_development/typeform/backend/src/controllers/user.controller.js","statementMap":{"0":{"start":{"line":1,"column":13},"end":{"line":1,"column":46}},"1":{"start":{"line":3,"column":20},"end":{"line":11,"column":1}},"2":{"start":{"line":4,"column":2},"end":{"line":10,"column":3}},"3":{"start":{"line":5,"column":21},"end":{"line":5,"column":38}},"4":{"start":{"line":6,"column":4},"end":{"line":6,"column":35}},"5":{"start":{"line":8,"column":4},"end":{"line":8,"column":23}},"6":{"start":{"line":9,"column":4},"end":{"line":9,"column":66}},"7":{"start":{"line":13,"column":16},"end":{"line":24,"column":1}},"8":{"start":{"line":14,"column":2},"end":{"line":23,"column":3}},"9":{"start":{"line":15,"column":17},"end":{"line":15,"column":51}},"10":{"start":{"line":16,"column":4},"end":{"line":18,"column":5}},"11":{"start":{"line":17,"column":6},"end":{"line":17,"column":65}},"12":{"start":{"line":19,"column":4},"end":{"line":19,"column":19}},"13":{"start":{"line":21,"column":4},"end":{"line":21,"column":23}},"14":{"start":{"line":22,"column":4},"end":{"line":22,"column":61}},"15":{"start":{"line":26,"column":19},"end":{"line":46,"column":1}},"16":{"start":{"line":27,"column":15},"end":{"line":27,"column":23}},"17":{"start":{"line":29,"column":15},"end":{"line":34,"column":3}},"18":{"start":{"line":36,"column":18},"end":{"line":36,"column":32}},"19":{"start":{"line":38,"column":2},"end":{"line":45,"column":3}},"20":{"start":{"line":39,"column":4},"end":{"line":39,"column":33}},"21":{"start":{"line":40,"column":4},"end":{"line":40,"column":25}},"22":{"start":{"line":41,"column":4},"end":{"line":41,"column":34}},"23":{"start":{"line":43,"column":4},"end":{"line":43,"column":23}},"24":{"start":{"line":44,"column":4},"end":{"line":44,"column":61}},"25":{"start":{"line":48,"column":19},"end":{"line":62,"column":1}},"26":{"start":{"line":49,"column":2},"end":{"line":61,"column":3}},"27":{"start":{"line":50,"column":15},"end":{"line":50,"column":28}},"28":{"start":{"line":51,"column":24},"end":{"line":53,"column":6}},"29":{"start":{"line":54,"column":4},"end":{"line":56,"column":5}},"30":{"start":{"line":55,"column":6},"end":{"line":55,"column":65}},"31":{"start":{"line":57,"column":4},"end":{"line":57,"column":26}},"32":{"start":{"line":59,"column":4},"end":{"line":59,"column":23}},"33":{"start":{"line":60,"column":4},"end":{"line":60,"column":61}},"34":{"start":{"line":64,"column":19},"end":{"line":75,"column":1}},"35":{"start":{"line":65,"column":2},"end":{"line":74,"column":3}},"36":{"start":{"line":66,"column":17},"end":{"line":66,"column":60}},"37":{"start":{"line":67,"column":4},"end":{"line":69,"column":5}},"38":{"start":{"line":68,"column":6},"end":{"line":68,"column":65}},"39":{"start":{"line":70,"column":4},"end":{"line":70,"column":19}},"40":{"start":{"line":72,"column":4},"end":{"line":72,"column":23}},"41":{"start":{"line":73,"column":4},"end":{"line":73,"column":61}},"42":{"start":{"line":77,"column":0},"end":{"line":83,"column":2}}},"fnMap":{"0":{"name":"(anonymous_0)","decl":{"start":{"line":3,"column":20},"end":{"line":3,"column":21}},"loc":{"start":{"line":3,"column":40},"end":{"line":11,"column":1}},"line":3},"1":{"name":"(anonymous_1)","decl":{"start":{"line":13,"column":16},"end":{"line":13,"column":17}},"loc":{"start":{"line":13,"column":36},"end":{"line":24,"column":1}},"line":13},"2":{"name":"(anonymous_2)","decl":{"start":{"line":26,"column":19},"end":{"line":26,"column":20}},"loc":{"start":{"line":26,"column":39},"end":{"line":46,"column":1}},"line":26},"3":{"name":"(anonymous_3)","decl":{"start":{"line":48,"column":19},"end":{"line":48,"column":20}},"loc":{"start":{"line":48,"column":39},"end":{"line":62,"column":1}},"line":48},"4":{"name":"(anonymous_4)","decl":{"start":{"line":64,"column":19},"end":{"line":64,"column":20}},"loc":{"start":{"line":64,"column":39},"end":{"line":75,"column":1}},"line":64}},"branchMap":{"0":{"loc":{"start":{"line":16,"column":4},"end":{"line":18,"column":5}},"type":"if","locations":[{"start":{"line":16,"column":4},"end":{"line":18,"column":5}},{"start":{},"end":{}}],"line":16},"1":{"loc":{"start":{"line":54,"column":4},"end":{"line":56,"column":5}},"type":"if","locations":[{"start":{"line":54,"column":4},"end":{"line":56,"column":5}},{"start":{},"end":{}}],"line":54},"2":{"loc":{"start":{"line":67,"column":4},"end":{"line":69,"column":5}},"type":"if","locations":[{"start":{"line":67,"column":4},"end":{"line":69,"column":5}},{"start":{},"end":{}}],"line":67}},"s":{"0":1,"1":1,"2":0,"3":0,"4":0,"5":0,"6":0,"7":1,"8":0,"9":0,"10":0,"11":0,"12":0,"13":0,"14":0,"15":1,"16":0,"17":0,"18":0,"19":0,"20":0,"21":0,"22":0,"23":0,"24":0,"25":1,"26":0,"27":0,"28":0,"29":0,"30":0,"31":0,"32":0,"33":0,"34":1,"35":0,"36":0,"37":0,"38":0,"39":0,"40":0,"41":0,"42":1},"f":{"0":0,"1":0,"2":0,"3":0,"4":0},"b":{"0":[0,0],"1":[0,0],"2":[0,0]},"_coverageSchema":"1a1c01bbd47fc00a2c39e90264f33305004495a9","hash":"301b54498b52942342e1a3dafad6a7d3d2c1baed"}
,"/Users/hadassa/Documents/MasterFullStack/typeform_development/typeform/backend/src/middlewares/Authorization.js": {"path":"/Users/hadassa/Documents/MasterFullStack/typeform_development/typeform/backend/src/middlewares/Authorization.js","statementMap":{"0":{"start":{"line":1,"column":12},"end":{"line":1,"column":35}},"1":{"start":{"line":2,"column":13},"end":{"line":2,"column":46}},"2":{"start":{"line":4,"column":22},"end":{"line":21,"column":1}},"3":{"start":{"line":5,"column":28},"end":{"line":5,"column":39}},"4":{"start":{"line":7,"column":2},"end":{"line":9,"column":3}},"5":{"start":{"line":8,"column":4},"end":{"line":8,"column":64}},"6":{"start":{"line":10,"column":16},"end":{"line":10,"column":43}},"7":{"start":{"line":12,"column":2},"end":{"line":20,"column":3}},"8":{"start":{"line":13,"column":24},"end":{"line":13,"column":65}},"9":{"start":{"line":14,"column":17},"end":{"line":14,"column":65}},"10":{"start":{"line":15,"column":4},"end":{"line":15,"column":20}},"11":{"start":{"line":16,"column":4},"end":{"line":16,"column":11}},"12":{"start":{"line":18,"column":4},"end":{"line":18,"column":23}},"13":{"start":{"line":19,"column":4},"end":{"line":19,"column":54}},"14":{"start":{"line":23,"column":0},"end":{"line":25,"column":2}}},"fnMap":{"0":{"name":"(anonymous_0)","decl":{"start":{"line":4,"column":22},"end":{"line":4,"column":23}},"loc":{"start":{"line":4,"column":48},"end":{"line":21,"column":1}},"line":4}},"branchMap":{"0":{"loc":{"start":{"line":7,"column":2},"end":{"line":9,"column":3}},"type":"if","locations":[{"start":{"line":7,"column":2},"end":{"line":9,"column":3}},{"start":{},"end":{}}],"line":7}},"s":{"0":1,"1":1,"2":1,"3":0,"4":0,"5":0,"6":0,"7":0,"8":0,"9":0,"10":0,"11":0,"12":0,"13":0,"14":1},"f":{"0":0},"b":{"0":[0,0]},"_coverageSchema":"1a1c01bbd47fc00a2c39e90264f33305004495a9","hash":"9236da03c06bc55db8541e202e27047e8f22d812"}
,"/Users/hadassa/Documents/MasterFullStack/typeform_development/typeform/backend/src/mongo/connection/index.js": {"path":"/Users/hadassa/Documents/MasterFullStack/typeform_development/typeform/backend/src/mongo/connection/index.js","statementMap":{"0":{"start":{"line":1,"column":17},"end":{"line":1,"column":36}},"1":{"start":{"line":2,"column":30},"end":{"line":2,"column":62}},"2":{"start":{"line":3,"column":15},"end":{"line":3,"column":32}},"3":{"start":{"line":5,"column":0},"end":{"line":5,"column":16}},"4":{"start":{"line":7,"column":18},"end":{"line":7,"column":22}},"5":{"start":{"line":9,"column":18},"end":{"line":26,"column":1}},"6":{"start":{"line":10,"column":2},"end":{"line":10,"column":37}},"7":{"start":{"line":11,"column":2},"end":{"line":25,"column":3}},"8":{"start":{"line":12,"column":16},"end":{"line":12,"column":37}},"9":{"start":{"line":13,"column":4},"end":{"line":17,"column":5}},"10":{"start":{"line":14,"column":6},"end":{"line":14,"column":53}},"11":{"start":{"line":15,"column":6},"end":{"line":15,"column":35}},"12":{"start":{"line":16,"column":6},"end":{"line":16,"column":25}},"13":{"start":{"line":19,"column":4},"end":{"line":22,"column":7}},"14":{"start":{"line":24,"column":4},"end":{"line":24,"column":21}},"15":{"start":{"line":28,"column":21},"end":{"line":37,"column":1}},"16":{"start":{"line":29,"column":2},"end":{"line":36,"column":3}},"17":{"start":{"line":30,"column":4},"end":{"line":30,"column":38}},"18":{"start":{"line":31,"column":4},"end":{"line":33,"column":5}},"19":{"start":{"line":32,"column":6},"end":{"line":32,"column":31}},"20":{"start":{"line":35,"column":4},"end":{"line":35,"column":21}},"21":{"start":{"line":39,"column":0},"end":{"line":42,"column":2}}},"fnMap":{"0":{"name":"(anonymous_0)","decl":{"start":{"line":9,"column":18},"end":{"line":9,"column":19}},"loc":{"start":{"line":9,"column":30},"end":{"line":26,"column":1}},"line":9},"1":{"name":"(anonymous_1)","decl":{"start":{"line":28,"column":21},"end":{"line":28,"column":22}},"loc":{"start":{"line":28,"column":33},"end":{"line":37,"column":1}},"line":28}},"branchMap":{"0":{"loc":{"start":{"line":13,"column":4},"end":{"line":17,"column":5}},"type":"if","locations":[{"start":{"line":13,"column":4},"end":{"line":17,"column":5}},{"start":{},"end":{}}],"line":13},"1":{"loc":{"start":{"line":31,"column":4},"end":{"line":33,"column":5}},"type":"if","locations":[{"start":{"line":31,"column":4},"end":{"line":33,"column":5}},{"start":{},"end":{}}],"line":31}},"s":{"0":1,"1":1,"2":1,"3":1,"4":1,"5":1,"6":1,"7":1,"8":1,"9":1,"10":1,"11":1,"12":1,"13":1,"14":0,"15":1,"16":1,"17":1,"18":1,"19":1,"20":0,"21":1},"f":{"0":1,"1":1},"b":{"0":[1,0],"1":[1,0]},"_coverageSchema":"1a1c01bbd47fc00a2c39e90264f33305004495a9","hash":"9a0c9c5cb4c544d7633889703e75eecc1a862781"}
,"/Users/hadassa/Documents/MasterFullStack/typeform_development/typeform/backend/src/routers/router.js": {"path":"/Users/hadassa/Documents/MasterFullStack/typeform_development/typeform/backend/src/routers/router.js","statementMap":{"0":{"start":{"line":1,"column":16},"end":{"line":1,"column":34}},"1":{"start":{"line":2,"column":19},"end":{"line":2,"column":55}},"2":{"start":{"line":3,"column":19},"end":{"line":3,"column":62}},"3":{"start":{"line":4,"column":21},"end":{"line":4,"column":57}},"4":{"start":{"line":5,"column":20},"end":{"line":5,"column":55}},"5":{"start":{"line":7,"column":15},"end":{"line":7,"column":31}},"6":{"start":{"line":9,"column":0},"end":{"line":9,"column":32}},"7":{"start":{"line":10,"column":0},"end":{"line":10,"column":32}},"8":{"start":{"line":11,"column":0},"end":{"line":11,"column":36}},"9":{"start":{"line":12,"column":0},"end":{"line":12,"column":34}},"10":{"start":{"line":14,"column":0},"end":{"line":14,"column":24}}},"fnMap":{},"branchMap":{},"s":{"0":1,"1":1,"2":1,"3":1,"4":1,"5":1,"6":1,"7":1,"8":1,"9":1,"10":1},"f":{},"b":{},"_coverageSchema":"1a1c01bbd47fc00a2c39e90264f33305004495a9","hash":"703a661181a0af648a0273f8c7876ffe771a7be1"}
,"/Users/hadassa/Documents/MasterFullStack/typeform_development/typeform/backend/src/routers/routes/form.js": {"path":"/Users/hadassa/Documents/MasterFullStack/typeform_development/typeform/backend/src/routers/routes/form.js","statementMap":{"0":{"start":{"line":1,"column":16},"end":{"line":1,"column":34}},"1":{"start":{"line":2,"column":69},"end":{"line":2,"column":113}},"2":{"start":{"line":3,"column":26},"end":{"line":3,"column":68}},"3":{"start":{"line":4,"column":28},"end":{"line":4,"column":61}},"4":{"start":{"line":5,"column":37},"end":{"line":5,"column":80}},"5":{"start":{"line":7,"column":15},"end":{"line":7,"column":31}},"6":{"start":{"line":9,"column":0},"end":{"line":9,"column":44}},"7":{"start":{"line":10,"column":0},"end":{"line":10,"column":43}},"8":{"start":{"line":11,"column":0},"end":{"line":13,"column":16}},"9":{"start":{"line":14,"column":0},"end":{"line":16,"column":16}},"10":{"start":{"line":17,"column":0},"end":{"line":17,"column":49}},"11":{"start":{"line":19,"column":0},"end":{"line":19,"column":24}}},"fnMap":{},"branchMap":{},"s":{"0":1,"1":1,"2":1,"3":1,"4":1,"5":1,"6":1,"7":1,"8":1,"9":1,"10":1,"11":1},"f":{},"b":{},"_coverageSchema":"1a1c01bbd47fc00a2c39e90264f33305004495a9","hash":"d1427f141840454896e09c833399f8150afb5ff5"}
,"/Users/hadassa/Documents/MasterFullStack/typeform_development/typeform/backend/src/routers/routes/login.router.js": {"path":"/Users/hadassa/Documents/MasterFullStack/typeform_development/typeform/backend/src/routers/routes/login.router.js","statementMap":{"0":{"start":{"line":1,"column":16},"end":{"line":1,"column":34}},"1":{"start":{"line":2,"column":24},"end":{"line":2,"column":69}},"2":{"start":{"line":4,"column":15},"end":{"line":4,"column":31}},"3":{"start":{"line":6,"column":0},"end":{"line":6,"column":40}},"4":{"start":{"line":13,"column":0},"end":{"line":13,"column":24}}},"fnMap":{},"branchMap":{},"s":{"0":1,"1":1,"2":1,"3":1,"4":1},"f":{},"b":{},"_coverageSchema":"1a1c01bbd47fc00a2c39e90264f33305004495a9","hash":"be4e4875123d9797e3e7e49caf39c0b61f5528a7"}
,"/Users/hadassa/Documents/MasterFullStack/typeform_development/typeform/backend/src/routers/routes/signup.router.js": {"path":"/Users/hadassa/Documents/MasterFullStack/typeform_development/typeform/backend/src/routers/routes/signup.router.js","statementMap":{"0":{"start":{"line":1,"column":16},"end":{"line":1,"column":34}},"1":{"start":{"line":2,"column":25},"end":{"line":2,"column":71}},"2":{"start":{"line":4,"column":15},"end":{"line":4,"column":31}},"3":{"start":{"line":6,"column":0},"end":{"line":6,"column":42}},"4":{"start":{"line":8,"column":0},"end":{"line":8,"column":24}}},"fnMap":{},"branchMap":{},"s":{"0":1,"1":1,"2":1,"3":1,"4":1},"f":{},"b":{},"_coverageSchema":"1a1c01bbd47fc00a2c39e90264f33305004495a9","hash":"b41969cf5d8228aca5b096df3feb98373342c1bd"}
,"/Users/hadassa/Documents/MasterFullStack/typeform_development/typeform/backend/src/routers/routes/user.router.js": {"path":"/Users/hadassa/Documents/MasterFullStack/typeform_development/typeform/backend/src/routers/routes/user.router.js","statementMap":{"0":{"start":{"line":1,"column":16},"end":{"line":1,"column":34}},"1":{"start":{"line":2,"column":23},"end":{"line":2,"column":67}},"2":{"start":{"line":4,"column":15},"end":{"line":4,"column":31}},"3":{"start":{"line":6,"column":0},"end":{"line":6,"column":44}},"4":{"start":{"line":7,"column":0},"end":{"line":7,"column":43}},"5":{"start":{"line":8,"column":0},"end":{"line":8,"column":44}},"6":{"start":{"line":9,"column":0},"end":{"line":9,"column":46}},"7":{"start":{"line":10,"column":0},"end":{"line":10,"column":49}},"8":{"start":{"line":12,"column":0},"end":{"line":12,"column":24}}},"fnMap":{},"branchMap":{},"s":{"0":1,"1":1,"2":1,"3":1,"4":1,"5":1,"6":1,"7":1,"8":1},"f":{},"b":{},"_coverageSchema":"1a1c01bbd47fc00a2c39e90264f33305004495a9","hash":"6353b93982086a1e3ab795f8f67a796d0a5e74a7"}
,"/Users/hadassa/Documents/MasterFullStack/typeform_development/typeform/backend/src/schemas/form.schema.js": {"path":"/Users/hadassa/Documents/MasterFullStack/typeform_development/typeform/backend/src/schemas/form.schema.js","statementMap":{"0":{"start":{"line":1,"column":26},"end":{"line":1,"column":45}},"1":{"start":{"line":2,"column":27},"end":{"line":2,"column":55}},"2":{"start":{"line":5,"column":19},"end":{"line":28,"column":2}},"3":{"start":{"line":30,"column":13},"end":{"line":30,"column":38}},"4":{"start":{"line":32,"column":0},"end":{"line":32,"column":22}}},"fnMap":{},"branchMap":{},"s":{"0":1,"1":1,"2":1,"3":1,"4":1},"f":{},"b":{},"_coverageSchema":"1a1c01bbd47fc00a2c39e90264f33305004495a9","hash":"04ba5ecc98df1b73a154858540ea4348b4e84ad4"}
,"/Users/hadassa/Documents/MasterFullStack/typeform_development/typeform/backend/src/schemas/question.schema.js": {"path":"/Users/hadassa/Documents/MasterFullStack/typeform_development/typeform/backend/src/schemas/question.schema.js","statementMap":{"0":{"start":{"line":1,"column":19},"end":{"line":1,"column":38}},"1":{"start":{"line":3,"column":23},"end":{"line":25,"column":1}},"2":{"start":{"line":27,"column":21},"end":{"line":27,"column":81}},"3":{"start":{"line":29,"column":23},"end":{"line":38,"column":2}},"4":{"start":{"line":40,"column":31},"end":{"line":40,"column":101}},"5":{"start":{"line":42,"column":29},"end":{"line":42,"column":97}},"6":{"start":{"line":44,"column":22},"end":{"line":44,"column":83}},"7":{"start":{"line":46,"column":0},"end":{"line":46,"column":40}}},"fnMap":{},"branchMap":{},"s":{"0":1,"1":1,"2":1,"3":1,"4":1,"5":1,"6":1,"7":1},"f":{},"b":{},"_coverageSchema":"1a1c01bbd47fc00a2c39e90264f33305004495a9","hash":"7ddc328848b481c4e786cef28b016791e0e6a55c"}
,"/Users/hadassa/Documents/MasterFullStack/typeform_development/typeform/backend/src/schemas/user.schema.js": {"path":"/Users/hadassa/Documents/MasterFullStack/typeform_development/typeform/backend/src/schemas/user.schema.js","statementMap":{"0":{"start":{"line":1,"column":26},"end":{"line":1,"column":45}},"1":{"start":{"line":2,"column":12},"end":{"line":2,"column":35}},"2":{"start":{"line":3,"column":15},"end":{"line":3,"column":32}},"3":{"start":{"line":4,"column":0},"end":{"line":4,"column":27}},"4":{"start":{"line":6,"column":15},"end":{"line":6,"column":37}},"5":{"start":{"line":8,"column":19},"end":{"line":13,"column":2}},"6":{"start":{"line":15,"column":0},"end":{"line":30,"column":3}},"7":{"start":{"line":16,"column":15},"end":{"line":16,"column":19}},"8":{"start":{"line":17,"column":2},"end":{"line":17,"column":50}},"9":{"start":{"line":17,"column":36},"end":{"line":17,"column":50}},"10":{"start":{"line":18,"column":2},"end":{"line":29,"column":5}},"11":{"start":{"line":19,"column":4},"end":{"line":21,"column":5}},"12":{"start":{"line":20,"column":6},"end":{"line":20,"column":25}},"13":{"start":{"line":22,"column":4},"end":{"line":28,"column":7}},"14":{"start":{"line":23,"column":6},"end":{"line":25,"column":7}},"15":{"start":{"line":24,"column":8},"end":{"line":24,"column":27}},"16":{"start":{"line":26,"column":6},"end":{"line":26,"column":27}},"17":{"start":{"line":27,"column":6},"end":{"line":27,"column":13}},"18":{"start":{"line":32,"column":0},"end":{"line":34,"column":2}},"19":{"start":{"line":33,"column":2},"end":{"line":33,"column":53}},"20":{"start":{"line":36,"column":0},"end":{"line":52,"column":2}},"21":{"start":{"line":37,"column":16},"end":{"line":37,"column":26}},"22":{"start":{"line":38,"column":25},"end":{"line":38,"column":35}},"23":{"start":{"line":40,"column":2},"end":{"line":40,"column":47}},"24":{"start":{"line":42,"column":15},"end":{"line":42,"column":19}},"25":{"start":{"line":43,"column":13},"end":{"line":48,"column":3}},"26":{"start":{"line":49,"column":2},"end":{"line":51,"column":5}},"27":{"start":{"line":56,"column":13},"end":{"line":56,"column":38}},"28":{"start":{"line":58,"column":0},"end":{"line":58,"column":22}}},"fnMap":{"0":{"name":"(anonymous_0)","decl":{"start":{"line":15,"column":23},"end":{"line":15,"column":24}},"loc":{"start":{"line":15,"column":39},"end":{"line":30,"column":1}},"line":15},"1":{"name":"(anonymous_1)","decl":{"start":{"line":18,"column":21},"end":{"line":18,"column":22}},"loc":{"start":{"line":18,"column":44},"end":{"line":29,"column":3}},"line":18},"2":{"name":"(anonymous_2)","decl":{"start":{"line":22,"column":37},"end":{"line":22,"column":38}},"loc":{"start":{"line":22,"column":60},"end":{"line":28,"column":5}},"line":22},"3":{"name":"(anonymous_3)","decl":{"start":{"line":32,"column":37},"end":{"line":32,"column":38}},"loc":{"start":{"line":32,"column":56},"end":{"line":34,"column":1}},"line":32},"4":{"name":"(anonymous_4)","decl":{"start":{"line":36,"column":33},"end":{"line":36,"column":34}},"loc":{"start":{"line":36,"column":45},"end":{"line":52,"column":1}},"line":36}},"branchMap":{"0":{"loc":{"start":{"line":17,"column":2},"end":{"line":17,"column":50}},"type":"if","locations":[{"start":{"line":17,"column":2},"end":{"line":17,"column":50}},{"start":{},"end":{}}],"line":17},"1":{"loc":{"start":{"line":19,"column":4},"end":{"line":21,"column":5}},"type":"if","locations":[{"start":{"line":19,"column":4},"end":{"line":21,"column":5}},{"start":{},"end":{}}],"line":19},"2":{"loc":{"start":{"line":23,"column":6},"end":{"line":25,"column":7}},"type":"if","locations":[{"start":{"line":23,"column":6},"end":{"line":25,"column":7}},{"start":{},"end":{}}],"line":23}},"s":{"0":1,"1":1,"2":1,"3":1,"4":1,"5":1,"6":1,"7":1,"8":1,"9":0,"10":1,"11":1,"12":0,"13":1,"14":1,"15":0,"16":1,"17":1,"18":1,"19":2,"20":1,"21":2,"22":2,"23":2,"24":2,"25":2,"26":2,"27":1,"28":1},"f":{"0":1,"1":1,"2":1,"3":2,"4":2},"b":{"0":[0,1],"1":[0,1],"2":[0,1]},"_coverageSchema":"1a1c01bbd47fc00a2c39e90264f33305004495a9","hash":"e5fd050cfe28e21a3db010f3852b0307b53e07b4"}
,"/Users/hadassa/Documents/MasterFullStack/typeform_development/typeform/backend/src/validators/form.validators.js": {"path":"/Users/hadassa/Documents/MasterFullStack/typeform_development/typeform/backend/src/validators/form.validators.js","statementMap":{"0":{"start":{"line":1,"column":10},"end":{"line":1,"column":24}},"1":{"start":{"line":2,"column":27},"end":{"line":2,"column":64}},"2":{"start":{"line":5,"column":22},"end":{"line":5,"column":70}},"3":{"start":{"line":7,"column":33},"end":{"line":30,"column":2}},"4":{"start":{"line":16,"column":2},"end":{"line":25,"column":3}},"5":{"start":{"line":24,"column":4},"end":{"line":24,"column":17}},"6":{"start":{"line":26,"column":2},"end":{"line":26,"column":14}},"7":{"start":{"line":32,"column":0},"end":{"line":35,"column":2}}},"fnMap":{"0":{"name":"(anonymous_0)","decl":{"start":{"line":14,"column":10},"end":{"line":14,"column":11}},"loc":{"start":{"line":14,"column":20},"end":{"line":27,"column":1}},"line":14}},"branchMap":{"0":{"loc":{"start":{"line":16,"column":2},"end":{"line":25,"column":3}},"type":"if","locations":[{"start":{"line":16,"column":2},"end":{"line":25,"column":3}},{"start":{},"end":{}}],"line":16},"1":{"loc":{"start":{"line":17,"column":4},"end":{"line":22,"column":5}},"type":"binary-expr","locations":[{"start":{"line":18,"column":6},"end":{"line":18,"column":44}},{"start":{"line":19,"column":9},"end":{"line":19,"column":45}},{"start":{"line":21,"column":6},"end":{"line":21,"column":19}},{"start":{"line":21,"column":23},"end":{"line":21,"column":46}}],"line":17}},"s":{"0":1,"1":1,"2":1,"3":1,"4":0,"5":0,"6":0,"7":1},"f":{"0":0},"b":{"0":[0,0],"1":[0,0,0,0]},"_coverageSchema":"1a1c01bbd47fc00a2c39e90264f33305004495a9","hash":"ad18a272e9c70edd62a4997037530d689977db6f"}
}
